initial world (corner)
o o x o o o o o o o 
x o o o x x o o o x 
o o x x o x o o o o 
o o o o o o o x x x 
x o o o o x o o o o 
o o x o o o o o o o 
o x x o x o x o o o 
o o o x x x o x o x 
o o x x o x o o o x 
x o x o o o o o x x 
starting the timer
after 10 cycles
o o o o o o o o o o 
o o o o o o o o o o 
o o x x o o o o o o 
o o x x o o o o o o 
o o o o o o x x o o 
o o o o o o x x o o 
o o o o o o o o o o 
o o o o o o o o o o 
o o o o o o o o o o 
o o o x o o o o o o 
10 cycles: 0.904286 time/cycle 0.090429
after 100 cycles
o o o o o o o o o o 
o o o o o o o o o o 
o o o o o o o o o x 
o o o o o o o o o x 
o o o o o o o o o x 
o o o o o o o o o o 
o o o o o x x x o o 
o o o o o o o o o o 
o o o o o o o o o o 
o o o o o o o o o o 
100 cycles: 6.725210 time/cycle 0.076295
after 1000 cycles
o o o o o o o o o o 
o o o o o o o o o o 
o o o o o o o o o x 
o o o o o o o o o x 
o o o o o o o o o x 
o o o o o o o o o o 
o o o o o x x x o o 
o o o o o o o o o o 
o o o o o o o o o o 
o o o o o o o o o o 
1000 cycles: 60.461765 time/cycle 0.068091
